<?xml version="1.0" encoding="UTF-8"?>
<testng-results skipped="0" failed="0" ignored="0" total="1" passed="1">
  <reporter-output>
  </reporter-output>
  <suite name="Suite" duration-ms="12990" started-at="2019-07-28T20:20:17Z" finished-at="2019-07-28T20:20:30Z">
    <groups>
    </groups>
    <test name="Test" duration-ms="12990" started-at="2019-07-28T20:20:17Z" finished-at="2019-07-28T20:20:30Z">
      <class name="com.shiksha.testModules.DocumentationLinksValidation">
        <test-method status="PASS" signature="setDriver()[pri:0, instance:com.shiksha.testModules.DocumentationLinksValidation@3abbfa04]" name="setDriver" is-config="true" duration-ms="1121" started-at="2019-07-29T01:50:16Z" finished-at="2019-07-29T01:50:17Z">
          <reporter-output>
          </reporter-output>
        </test-method> <!-- setDriver -->
        <test-method status="PASS" signature="loadApp()[pri:0, instance:com.shiksha.testModules.DocumentationLinksValidation@3abbfa04]" name="loadApp" is-config="true" duration-ms="4892" started-at="2019-07-29T01:50:17Z" finished-at="2019-07-29T01:50:22Z">
          <reporter-output>
          </reporter-output>
        </test-method> <!-- loadApp -->
        <test-method status="PASS" signature="validateDocumentationLinks()[pri:0, instance:com.shiksha.testModules.DocumentationLinksValidation@3abbfa04]" name="validateDocumentationLinks" duration-ms="7959" started-at="2019-07-29T01:50:22Z" finished-at="2019-07-29T01:50:30Z">
          <reporter-output>
          </reporter-output>
        </test-method> <!-- validateDocumentationLinks -->
        <test-method status="PASS" signature="windUp()[pri:0, instance:com.shiksha.testModules.DocumentationLinksValidation@3abbfa04]" name="windUp" is-config="true" duration-ms="114" started-at="2019-07-29T01:50:30Z" finished-at="2019-07-29T01:50:30Z">
          <reporter-output>
          </reporter-output>
        </test-method> <!-- windUp -->
        <test-method status="PASS" signature="clearAll()[pri:0, instance:com.shiksha.testModules.DocumentationLinksValidation@3abbfa04]" name="clearAll" is-config="true" duration-ms="20" started-at="2019-07-29T01:50:30Z" finished-at="2019-07-29T01:50:30Z">
          <reporter-output>
          </reporter-output>
        </test-method> <!-- clearAll -->
      </class> <!-- com.shiksha.testModules.DocumentationLinksValidation -->
    </test> <!-- Test -->
  </suite> <!-- Suite -->
</testng-results>
